<?xml version="1.0" encoding="UTF-8"?>
<robot generator="Robot 5.0.1 (Python 3.10.7 on win32)" generated="20221005 11:31:54.892" rpa="false" schemaversion="3">
<suite id="s1" name="Tests" source="C:\Users\liesb\Testing\robot_tests-solutions_ex4_signin\robot_tests-solutions_ex4_signin\Exercise5\tests">
<suite id="s1-s1" name="01 signinTest" source="C:\Users\liesb\Testing\robot_tests-solutions_ex4_signin\robot_tests-solutions_ex4_signin\Exercise5\tests\01_signinTest.robot">
<kw name="Open My Website" library="basePage" type="SETUP">
<kw name="Open Browser" library="SeleniumLibrary">
<arg>${url}</arg>
<arg>${browser}</arg>
<doc>Opens a new browser instance to the optional ``url``.</doc>
<msg timestamp="20221005 11:31:55.141" level="INFO">Opening browser 'Google Chrome' to base url 'http://practice.automationtesting.in'.</msg>
<status status="PASS" starttime="20221005 11:31:55.133" endtime="20221005 11:32:03.331"/>
</kw>
<status status="PASS" starttime="20221005 11:31:55.133" endtime="20221005 11:32:03.331"/>
</kw>
<test id="s1-s1-t1" name="Eerste test case" line="11">
<kw name="Go To Signin Page" library="homePage" type="SETUP">
<kw name="Click Element" library="SeleniumLibrary">
<arg>${SIGNIN_LNK}</arg>
<doc>Click the element identified by ``locator``.</doc>
<msg timestamp="20221005 11:32:03.331" level="INFO">Clicking element 'xpath://a[normalize-space()='My Account']'.</msg>
<msg timestamp="20221005 11:32:03.626" level="INFO" html="true">&lt;/td&gt;&lt;/tr&gt;&lt;tr&gt;&lt;td colspan="3"&gt;&lt;a href="selenium-screenshot-1.png"&gt;&lt;img src="selenium-screenshot-1.png" width="800px"&gt;&lt;/a&gt;</msg>
<msg timestamp="20221005 11:32:03.626" level="FAIL">ElementNotInteractableException: Message: element not interactable
  (Session info: chrome=106.0.5249.62)
Stacktrace:
Backtrace:
	Ordinal0 [0x00361ED3+2236115]
	Ordinal0 [0x002F92F1+1807089]
	Ordinal0 [0x002065C0+812480]
	Ordinal0 [0x00236586+1009030]
	Ordinal0 [0x0022C416+967702]
	Ordinal0 [0x00251A8C+1120908]
	Ordinal0 [0x0022BD84+966020]
	Ordinal0 [0x00251CA4+1121444]
	Ordinal0 [0x002659E2+1202658]
	Ordinal0 [0x002518A6+1120422]
	Ordinal0 [0x0022A73D+960317]
	Ordinal0 [0x0022B71F+964383]
	GetHandleVerifier [0x0060E7E2+2743074]
	GetHandleVerifier [0x006008D4+2685972]
	GetHandleVerifier [0x003F2BAA+532202]
	GetHandleVerifier [0x003F1990+527568]
	Ordinal0 [0x0030080C+1837068]
	Ordinal0 [0x00304CD8+1854680]
	Ordinal0 [0x00304DC5+1854917]
	Ordinal0 [0x0030ED64+1895780]
	BaseThreadInitThunk [0x755A7BA9+25]
	RtlInitializeExceptionChain [0x7741BB3B+107]
	RtlClearBits [0x7741BABF+191]
</msg>
<status status="FAIL" starttime="20221005 11:32:03.331" endtime="20221005 11:32:03.630"/>
</kw>
<status status="FAIL" starttime="20221005 11:32:03.331" endtime="20221005 11:32:03.630"/>
</kw>
<status status="FAIL" starttime="20221005 11:32:03.331" endtime="20221005 11:32:03.630">Setup failed:
ElementNotInteractableException: Message: element not interactable
  (Session info: chrome=106.0.5249.62)
Stacktrace:
Backtrace:
	Ordinal0 [0x00361ED3+2236115]
	Ordinal0 [0x002F92F1+1807089]
	Ordinal0 [0x002065C0+812480]
	Ordinal0 [0x00236586+1009030]
	Ordinal0 [0x0022C416+967702]
	Ordinal0 [0x00251A8C+1120908]
	Ordinal0 [0x0022BD84+966020]
	Ordinal0 [0x00251CA4+1121444]
	Ordinal0 [0x002659E2+1202658]
	Ordinal0 [0x002518A6+1120422]
	Ordinal0 [0x0022A73D+960317]
	Ordinal0 [0x0022B71F+964383]
	GetHandleVerifier [0x0060E7E2+2743074]
	GetHandleVerifier [0x006008D4+2685972]
	GetHandleVerifier [0x003F2BAA+532202]
	GetHandleVerifier [0x003F1990+527568]
	Ordinal0 [0x0030080C+1837068]
	Ordinal0 [0x00304CD8+1854680]
	Ordinal0 [0x00304DC5+1854917]
	Ordinal0 [0x0030ED64+1895780]
	BaseThreadInitThunk [0x755A7BA9+25]
	RtlInitializeExceptionChain [0x7741BB3B+107]
	RtlClearBits [0x7741BABF+191]
</status>
</test>
<test id="s1-s1-t2" name="Tweede test case" line="19">
<kw name="Go To Signin Page" library="homePage" type="SETUP">
<kw name="Click Element" library="SeleniumLibrary">
<arg>${SIGNIN_LNK}</arg>
<doc>Click the element identified by ``locator``.</doc>
<msg timestamp="20221005 11:32:03.638" level="INFO">Clicking element 'xpath://a[normalize-space()='My Account']'.</msg>
<msg timestamp="20221005 11:32:03.915" level="INFO" html="true">&lt;/td&gt;&lt;/tr&gt;&lt;tr&gt;&lt;td colspan="3"&gt;&lt;a href="selenium-screenshot-2.png"&gt;&lt;img src="selenium-screenshot-2.png" width="800px"&gt;&lt;/a&gt;</msg>
<msg timestamp="20221005 11:32:03.915" level="FAIL">ElementNotInteractableException: Message: element not interactable
  (Session info: chrome=106.0.5249.62)
Stacktrace:
Backtrace:
	Ordinal0 [0x00361ED3+2236115]
	Ordinal0 [0x002F92F1+1807089]
	Ordinal0 [0x002065C0+812480]
	Ordinal0 [0x00236586+1009030]
	Ordinal0 [0x0022C416+967702]
	Ordinal0 [0x00251A8C+1120908]
	Ordinal0 [0x0022BD84+966020]
	Ordinal0 [0x00251CA4+1121444]
	Ordinal0 [0x002659E2+1202658]
	Ordinal0 [0x002518A6+1120422]
	Ordinal0 [0x0022A73D+960317]
	Ordinal0 [0x0022B71F+964383]
	GetHandleVerifier [0x0060E7E2+2743074]
	GetHandleVerifier [0x006008D4+2685972]
	GetHandleVerifier [0x003F2BAA+532202]
	GetHandleVerifier [0x003F1990+527568]
	Ordinal0 [0x0030080C+1837068]
	Ordinal0 [0x00304CD8+1854680]
	Ordinal0 [0x00304DC5+1854917]
	Ordinal0 [0x0030ED64+1895780]
	BaseThreadInitThunk [0x755A7BA9+25]
	RtlInitializeExceptionChain [0x7741BB3B+107]
	RtlClearBits [0x7741BABF+191]
</msg>
<status status="FAIL" starttime="20221005 11:32:03.638" endtime="20221005 11:32:03.915"/>
</kw>
<status status="FAIL" starttime="20221005 11:32:03.638" endtime="20221005 11:32:03.923"/>
</kw>
<status status="FAIL" starttime="20221005 11:32:03.638" endtime="20221005 11:32:03.923">Setup failed:
ElementNotInteractableException: Message: element not interactable
  (Session info: chrome=106.0.5249.62)
Stacktrace:
Backtrace:
	Ordinal0 [0x00361ED3+2236115]
	Ordinal0 [0x002F92F1+1807089]
	Ordinal0 [0x002065C0+812480]
	Ordinal0 [0x00236586+1009030]
	Ordinal0 [0x0022C416+967702]
	Ordinal0 [0x00251A8C+1120908]
	Ordinal0 [0x0022BD84+966020]
	Ordinal0 [0x00251CA4+1121444]
	Ordinal0 [0x002659E2+1202658]
	Ordinal0 [0x002518A6+1120422]
	Ordinal0 [0x0022A73D+960317]
	Ordinal0 [0x0022B71F+964383]
	GetHandleVerifier [0x0060E7E2+2743074]
	GetHandleVerifier [0x006008D4+2685972]
	GetHandleVerifier [0x003F2BAA+532202]
	GetHandleVerifier [0x003F1990+527568]
	Ordinal0 [0x0030080C+1837068]
	Ordinal0 [0x00304CD8+1854680]
	Ordinal0 [0x00304DC5+1854917]
	Ordinal0 [0x0030ED64+1895780]
	BaseThreadInitThunk [0x755A7BA9+25]
	RtlInitializeExceptionChain [0x7741BB3B+107]
	RtlClearBits [0x7741BABF+191]
</status>
</test>
<test id="s1-s1-t3" name="Derde test case" line="27">
<kw name="Go To Signin Page" library="homePage" type="SETUP">
<kw name="Click Element" library="SeleniumLibrary">
<arg>${SIGNIN_LNK}</arg>
<doc>Click the element identified by ``locator``.</doc>
<msg timestamp="20221005 11:32:03.931" level="INFO">Clicking element 'xpath://a[normalize-space()='My Account']'.</msg>
<msg timestamp="20221005 11:32:04.211" level="INFO" html="true">&lt;/td&gt;&lt;/tr&gt;&lt;tr&gt;&lt;td colspan="3"&gt;&lt;a href="selenium-screenshot-3.png"&gt;&lt;img src="selenium-screenshot-3.png" width="800px"&gt;&lt;/a&gt;</msg>
<msg timestamp="20221005 11:32:04.211" level="FAIL">ElementNotInteractableException: Message: element not interactable
  (Session info: chrome=106.0.5249.62)
Stacktrace:
Backtrace:
	Ordinal0 [0x00361ED3+2236115]
	Ordinal0 [0x002F92F1+1807089]
	Ordinal0 [0x002065C0+812480]
	Ordinal0 [0x00236586+1009030]
	Ordinal0 [0x0022C416+967702]
	Ordinal0 [0x00251A8C+1120908]
	Ordinal0 [0x0022BD84+966020]
	Ordinal0 [0x00251CA4+1121444]
	Ordinal0 [0x002659E2+1202658]
	Ordinal0 [0x002518A6+1120422]
	Ordinal0 [0x0022A73D+960317]
	Ordinal0 [0x0022B71F+964383]
	GetHandleVerifier [0x0060E7E2+2743074]
	GetHandleVerifier [0x006008D4+2685972]
	GetHandleVerifier [0x003F2BAA+532202]
	GetHandleVerifier [0x003F1990+527568]
	Ordinal0 [0x0030080C+1837068]
	Ordinal0 [0x00304CD8+1854680]
	Ordinal0 [0x00304DC5+1854917]
	Ordinal0 [0x0030ED64+1895780]
	BaseThreadInitThunk [0x755A7BA9+25]
	RtlInitializeExceptionChain [0x7741BB3B+107]
	RtlClearBits [0x7741BABF+191]
</msg>
<status status="FAIL" starttime="20221005 11:32:03.931" endtime="20221005 11:32:04.211"/>
</kw>
<status status="FAIL" starttime="20221005 11:32:03.931" endtime="20221005 11:32:04.211"/>
</kw>
<status status="FAIL" starttime="20221005 11:32:03.926" endtime="20221005 11:32:04.211">Setup failed:
ElementNotInteractableException: Message: element not interactable
  (Session info: chrome=106.0.5249.62)
Stacktrace:
Backtrace:
	Ordinal0 [0x00361ED3+2236115]
	Ordinal0 [0x002F92F1+1807089]
	Ordinal0 [0x002065C0+812480]
	Ordinal0 [0x00236586+1009030]
	Ordinal0 [0x0022C416+967702]
	Ordinal0 [0x00251A8C+1120908]
	Ordinal0 [0x0022BD84+966020]
	Ordinal0 [0x00251CA4+1121444]
	Ordinal0 [0x002659E2+1202658]
	Ordinal0 [0x002518A6+1120422]
	Ordinal0 [0x0022A73D+960317]
	Ordinal0 [0x0022B71F+964383]
	GetHandleVerifier [0x0060E7E2+2743074]
	GetHandleVerifier [0x006008D4+2685972]
	GetHandleVerifier [0x003F2BAA+532202]
	GetHandleVerifier [0x003F1990+527568]
	Ordinal0 [0x0030080C+1837068]
	Ordinal0 [0x00304CD8+1854680]
	Ordinal0 [0x00304DC5+1854917]
	Ordinal0 [0x0030ED64+1895780]
	BaseThreadInitThunk [0x755A7BA9+25]
	RtlInitializeExceptionChain [0x7741BB3B+107]
	RtlClearBits [0x7741BABF+191]
</status>
</test>
<test id="s1-s1-t4" name="Vierde test case" line="36">
<kw name="Go To Signin Page" library="homePage" type="SETUP">
<kw name="Click Element" library="SeleniumLibrary">
<arg>${SIGNIN_LNK}</arg>
<doc>Click the element identified by ``locator``.</doc>
<msg timestamp="20221005 11:32:04.219" level="INFO">Clicking element 'xpath://a[normalize-space()='My Account']'.</msg>
<msg timestamp="20221005 11:32:04.515" level="INFO" html="true">&lt;/td&gt;&lt;/tr&gt;&lt;tr&gt;&lt;td colspan="3"&gt;&lt;a href="selenium-screenshot-4.png"&gt;&lt;img src="selenium-screenshot-4.png" width="800px"&gt;&lt;/a&gt;</msg>
<msg timestamp="20221005 11:32:04.515" level="FAIL">ElementNotInteractableException: Message: element not interactable
  (Session info: chrome=106.0.5249.62)
Stacktrace:
Backtrace:
	Ordinal0 [0x00361ED3+2236115]
	Ordinal0 [0x002F92F1+1807089]
	Ordinal0 [0x002065C0+812480]
	Ordinal0 [0x00236586+1009030]
	Ordinal0 [0x0022C416+967702]
	Ordinal0 [0x00251A8C+1120908]
	Ordinal0 [0x0022BD84+966020]
	Ordinal0 [0x00251CA4+1121444]
	Ordinal0 [0x002659E2+1202658]
	Ordinal0 [0x002518A6+1120422]
	Ordinal0 [0x0022A73D+960317]
	Ordinal0 [0x0022B71F+964383]
	GetHandleVerifier [0x0060E7E2+2743074]
	GetHandleVerifier [0x006008D4+2685972]
	GetHandleVerifier [0x003F2BAA+532202]
	GetHandleVerifier [0x003F1990+527568]
	Ordinal0 [0x0030080C+1837068]
	Ordinal0 [0x00304CD8+1854680]
	Ordinal0 [0x00304DC5+1854917]
	Ordinal0 [0x0030ED64+1895780]
	BaseThreadInitThunk [0x755A7BA9+25]
	RtlInitializeExceptionChain [0x7741BB3B+107]
	RtlClearBits [0x7741BABF+191]
</msg>
<status status="FAIL" starttime="20221005 11:32:04.219" endtime="20221005 11:32:04.517"/>
</kw>
<status status="FAIL" starttime="20221005 11:32:04.219" endtime="20221005 11:32:04.517"/>
</kw>
<status status="FAIL" starttime="20221005 11:32:04.219" endtime="20221005 11:32:04.517">Setup failed:
ElementNotInteractableException: Message: element not interactable
  (Session info: chrome=106.0.5249.62)
Stacktrace:
Backtrace:
	Ordinal0 [0x00361ED3+2236115]
	Ordinal0 [0x002F92F1+1807089]
	Ordinal0 [0x002065C0+812480]
	Ordinal0 [0x00236586+1009030]
	Ordinal0 [0x0022C416+967702]
	Ordinal0 [0x00251A8C+1120908]
	Ordinal0 [0x0022BD84+966020]
	Ordinal0 [0x00251CA4+1121444]
	Ordinal0 [0x002659E2+1202658]
	Ordinal0 [0x002518A6+1120422]
	Ordinal0 [0x0022A73D+960317]
	Ordinal0 [0x0022B71F+964383]
	GetHandleVerifier [0x0060E7E2+2743074]
	GetHandleVerifier [0x006008D4+2685972]
	GetHandleVerifier [0x003F2BAA+532202]
	GetHandleVerifier [0x003F1990+527568]
	Ordinal0 [0x0030080C+1837068]
	Ordinal0 [0x00304CD8+1854680]
	Ordinal0 [0x00304DC5+1854917]
	Ordinal0 [0x0030ED64+1895780]
	BaseThreadInitThunk [0x755A7BA9+25]
	RtlInitializeExceptionChain [0x7741BB3B+107]
	RtlClearBits [0x7741BABF+191]
</status>
</test>
<kw name="Close Browser" library="SeleniumLibrary" type="TEARDOWN">
<doc>Closes the current browser.</doc>
<status status="PASS" starttime="20221005 11:32:04.517" endtime="20221005 11:32:07.054"/>
</kw>
<status status="FAIL" starttime="20221005 11:31:54.916" endtime="20221005 11:32:07.054"/>
</suite>
<status status="FAIL" starttime="20221005 11:31:54.892" endtime="20221005 11:32:07.054"/>
</suite>
<statistics>
<total>
<stat pass="0" fail="4" skip="0">All Tests</stat>
</total>
<tag>
</tag>
<suite>
<stat pass="0" fail="4" skip="0" id="s1" name="Tests">Tests</stat>
<stat pass="0" fail="4" skip="0" id="s1-s1" name="01 signinTest">Tests.01 signinTest</stat>
</suite>
</statistics>
<errors>
</errors>
</robot>
